app/build/outputs/logs/manifest-merger-debug-report.txt
-- Merging decision tree log ---
manifest
ADDED from src\main\AndroidManifest.xml:2:1-78:12
	package
		ADDED from src\main\AndroidManifest.xml:3:5-40
		INJECTED from src\main\AndroidManifest.xml
		INJECTED from src\main\AndroidManifest.xml
	android:versionName
		ADDED from src\main\AndroidManifest.xml:5:5-30
		INJECTED from src\main\AndroidManifest.xml
		INJECTED from src\main\AndroidManifest.xml
	android:versionCode
		ADDED from src\main\AndroidManifest.xml:4:5-28
		INJECTED from src\main\AndroidManifest.xml
		INJECTED from src\main\AndroidManifest.xml
	xmlns:android
		ADDED from src\main\AndroidManifest.xml:2:11-69
uses-permission#android.permission.WRITE_SETTINGS
ADDED from src\main\AndroidManifest.xml:7:5-73
	android:name
		ADDED from src\main\AndroidManifest.xml:7:22-70
uses-permission#android.permission.MOUNT_UNMOUNT_FILESYSTEMS
ADDED from src\main\AndroidManifest.xml:8:5-84
	android:name
		ADDED from src\main\AndroidManifest.xml:8:22-81
uses-permission#android.permission.WRITE_EXTERNAL_STORAGE
ADDED from src\main\AndroidManifest.xml:9:5-81
	android:name
		ADDED from src\main\AndroidManifest.xml:9:22-78
uses-permission#android.permission.READ_EXTERNAL_STORAGE
ADDED from src\main\AndroidManifest.xml:10:5-80
	android:name
		ADDED from src\main\AndroidManifest.xml:10:22-77
uses-permission#android.permission.VIBRATE
ADDED from src\main\AndroidManifest.xml:11:5-66
	android:name
		ADDED from src\main\AndroidManifest.xml:11:22-63
uses-permission#android.permission.CAMERA
ADDED from src\main\AndroidManifest.xml:12:5-65
	android:name
		ADDED from src\main\AndroidManifest.xml:12:22-62
uses-permission#android.permission.WAKE_LOCK
ADDED from src\main\AndroidManifest.xml:13:5-68
	android:name
		ADDED from src\main\AndroidManifest.xml:13:22-65
uses-feature#android.hardware.camera
ADDED from src\main\AndroidManifest.xml:15:5-60
	android:name
		ADDED from src\main\AndroidManifest.xml:15:19-57
uses-feature#android.hardware.camera.autofocus
ADDED from src\main\AndroidManifest.xml:16:5-70
	android:name
		ADDED from src\main\AndroidManifest.xml:16:19-67
uses-sdk
ADDED from src\main\AndroidManifest.xml:18:5-20:41
MERGED from [com.android.support:appcompat-v7:23.1.1] AndroidManifest.xml:20:5-43
MERGED from [com.android.support:support-v4:23.1.1] AndroidManifest.xml:20:5-43
	android:targetSdkVersion
		ADDED from src\main\AndroidManifest.xml:20:9-38
		INJECTED from src\main\AndroidManifest.xml
		INJECTED from src\main\AndroidManifest.xml
	android:minSdkVersion
		ADDED from src\main\AndroidManifest.xml:19:9-35
		INJECTED from src\main\AndroidManifest.xml
		INJECTED from src\main\AndroidManifest.xml
application
ADDED from src\main\AndroidManifest.xml:22:5-77:19
MERGED from [com.android.support:appcompat-v7:23.1.1] AndroidManifest.xml:22:5-20
MERGED from [com.android.support:support-v4:23.1.1] AndroidManifest.xml:22:5-20
	android:label
		ADDED from src\main\AndroidManifest.xml:26:9-41
	android:allowBackup
		ADDED from src\main\AndroidManifest.xml:24:9-35
	android:icon
		ADDED from src\main\AndroidManifest.xml:25:9-45
	android:theme
		ADDED from src\main\AndroidManifest.xml:27:9-79
	android:name
		ADDED from src\main\AndroidManifest.xml:23:9-75
activity#com.example.assertmanager.ui.SplashActivity
ADDED from src\main\AndroidManifest.xml:28:9-36:20
	android:label
		ADDED from src\main\AndroidManifest.xml:30:13-45
	android:name
		ADDED from src\main\AndroidManifest.xml:29:13-71
intent-filter#android.intent.action.MAIN+android.intent.category.LAUNCHER
ADDED from src\main\AndroidManifest.xml:31:13-35:29
action#android.intent.action.MAIN
ADDED from src\main\AndroidManifest.xml:32:17-69
	android:name
		ADDED from src\main\AndroidManifest.xml:32:25-66
category#android.intent.category.LAUNCHER
ADDED from src\main\AndroidManifest.xml:34:17-77
	android:name
		ADDED from src\main\AndroidManifest.xml:34:27-74
activity#com.example.assertmanager.ui.MainActivity
ADDED from src\main\AndroidManifest.xml:37:9-40:20
	android:launchMode
		ADDED from src\main\AndroidManifest.xml:39:13-44
	android:name
		ADDED from src\main\AndroidManifest.xml:38:13-69
activity#com.example.assertmanager.ui.RetrieveMainActivity
ADDED from src\main\AndroidManifest.xml:41:9-43:20
	android:name
		ADDED from src\main\AndroidManifest.xml:41:19-83
activity#com.example.assertmanager.ui.CheckMainActivity
ADDED from src\main\AndroidManifest.xml:44:9-47:20
	android:name
		ADDED from src\main\AndroidManifest.xml:45:13-74
activity#com.example.assertmanager.ui.ZcMxActivity
ADDED from src\main\AndroidManifest.xml:48:9-51:20
	android:launchMode
		ADDED from src\main\AndroidManifest.xml:50:13-44
	android:name
		ADDED from src\main\AndroidManifest.xml:49:13-69
activity#com.example.assertmanager.ui.ManualActivity
ADDED from src\main\AndroidManifest.xml:52:9-53:20
	android:name
		ADDED from src\main\AndroidManifest.xml:52:19-77
activity#com.example.assertmanager.ui.CheckZcMxActivity
ADDED from src\main\AndroidManifest.xml:54:9-55:20
	android:name
		ADDED from src\main\AndroidManifest.xml:54:19-80
activity#com.example.assertmanager.ui.ImageShowActivity
ADDED from src\main\AndroidManifest.xml:56:9-59:20
	android:launchMode
		ADDED from src\main\AndroidManifest.xml:58:13-44
	android:name
		ADDED from src\main\AndroidManifest.xml:57:13-74
activity#com.example.assertmanager.ui.LaserCheckActivity
ADDED from src\main\AndroidManifest.xml:60:9-62:20
	android:name
		ADDED from src\main\AndroidManifest.xml:60:19-81
activity#com.example.assertmanager.ui.CapturePictureActivity
ADDED from src\main\AndroidManifest.xml:63:9-64:20
	android:name
		ADDED from src\main\AndroidManifest.xml:63:19-85
activity#com.example.assertmanager.ui.CheckResultShowActivity
ADDED from src\main\AndroidManifest.xml:65:9-66:20
	android:name
		ADDED from src\main\AndroidManifest.xml:65:19-86
activity#com.example.assertmanager.ui.RetrieveResultShowActivity
ADDED from src\main\AndroidManifest.xml:67:9-68:20
	android:name
		ADDED from src\main\AndroidManifest.xml:67:19-89
activity#com.example.assertmanager.ui.ShepinActivity
ADDED from src\main\AndroidManifest.xml:69:9-74:20
	android:screenOrientation
		ADDED from src\main\AndroidManifest.xml:72:13-47
	android:configChanges
		ADDED from src\main\AndroidManifest.xml:71:13-74
	android:name
		ADDED from src\main\AndroidManifest.xml:70:13-71
activity#com.example.assertmanager.ui.MipcaActivityCapture
ADDED from src\main\AndroidManifest.xml:75:9-76:20
	android:name
		ADDED from src\main\AndroidManifest.xml:75:19-83